0 info it worked if it ends with ok
1 verbose cli [ '/usr/local/bin/node', '/usr/local/bin/npm', 'publish' ]
2 info using npm@3.9.3
3 info using node@v6.2.1
4 verbose publish [ '.' ]
5 silly cache add args [ '.', null ]
6 verbose cache add spec .
7 silly cache add parsed spec Result {
7 silly cache add   raw: '.',
7 silly cache add   scope: null,
7 silly cache add   name: null,
7 silly cache add   rawSpec: '.',
7 silly cache add   spec: '/Users/jmenestr/Desktop/redux-alerts',
7 silly cache add   type: 'directory' }
8 verbose addLocalDirectory /Users/jmenestr/.npm/react-redux-alerts/1.0.0/package.tgz not in flight; packing
9 verbose correctMkdir /Users/jmenestr/.npm correctMkdir not in flight; initializing
10 info lifecycle react-redux-alerts@1.0.0~prepublish: react-redux-alerts@1.0.0
11 verbose lifecycle react-redux-alerts@1.0.0~prepublish: unsafe-perm in lifecycle true
12 verbose lifecycle react-redux-alerts@1.0.0~prepublish: PATH: /usr/local/lib/node_modules/npm/bin/node-gyp-bin:/Users/jmenestr/Desktop/redux-alerts/node_modules/.bin:/usr/local/bin:/Users/jmenestr/.rvm/gems/ruby-2.2.2/bin:/Users/jmenestr/.rvm/gems/ruby-2.2.2@global/bin:/Users/jmenestr/.rvm/rubies/ruby-2.2.2/bin:/Users/jmenestr/.bin:/usr/local/bin:/usr/bin:/bin:/usr/sbin:/sbin:/Users/jmenestr/.rvm/bin:/Applications/Postgres.app/Contents/Versions/latest/bin:/Applications/Postgres.app/Contents/Versions/latest/bin
13 verbose lifecycle react-redux-alerts@1.0.0~prepublish: CWD: /Users/jmenestr/Desktop/redux-alerts
14 silly lifecycle react-redux-alerts@1.0.0~prepublish: Args: [ '-c', 'npm run build:lib' ]
15 silly lifecycle react-redux-alerts@1.0.0~prepublish: Returned: code: 0  signal: null
16 verbose tar pack [ '/Users/jmenestr/.npm/react-redux-alerts/1.0.0/package.tgz',
16 verbose tar pack   '/Users/jmenestr/Desktop/redux-alerts' ]
17 verbose tarball /Users/jmenestr/.npm/react-redux-alerts/1.0.0/package.tgz
18 verbose folder /Users/jmenestr/Desktop/redux-alerts
19 verbose addLocalTarball adding from inside cache /Users/jmenestr/.npm/react-redux-alerts/1.0.0/package.tgz
20 verbose correctMkdir /Users/jmenestr/.npm correctMkdir not in flight; initializing
21 silly cache afterAdd react-redux-alerts@1.0.0
22 verbose afterAdd /Users/jmenestr/.npm/react-redux-alerts/1.0.0/package/package.json not in flight; writing
23 verbose correctMkdir /Users/jmenestr/.npm correctMkdir not in flight; initializing
24 verbose afterAdd /Users/jmenestr/.npm/react-redux-alerts/1.0.0/package/package.json written
25 silly publish { name: 'react-redux-alerts',
25 silly publish   version: '1.0.0',
25 silly publish   description: 'A lightweight library for creating keyed alerts in a Redux app',
25 silly publish   main: './lib/index.js',
25 silly publish   scripts:
25 silly publish    { test: 'mocha --compilers js:babel-register --recursive \'./test/\'',
25 silly publish      'test-watch': './node_modules/mocha/bin/mocha test --watch --recursive',
25 silly publish      'build:lib': 'babel src --out-dir lib',
25 silly publish      prepublish: 'npm run build:lib' },
25 silly publish   author: { name: 'Justin Menestrina' },
25 silly publish   license: 'ISC',
25 silly publish   dependencies: { react: '^15.1.0' },
25 silly publish   devDependencies:
25 silly publish    { 'babel-cli': '^6.10.1',
25 silly publish      'babel-plugin-transform-object-rest-spread': '^6.8.0',
25 silly publish      'babel-preset-es2015': '^6.9.0',
25 silly publish      'babel-preset-react': '^6.5.0',
25 silly publish      chai: '^3.5.0',
25 silly publish      mocha: '^2.5.3' },
25 silly publish   gitHead: '3584c02c618c1ba81f0726e0fdabce295d9a0e07',
25 silly publish   readme: 'ERROR: No README data found!',
25 silly publish   _id: 'react-redux-alerts@1.0.0',
25 silly publish   _shasum: 'b646cc3a772d34db8770b72336a2b44f08f7fea5',
25 silly publish   _from: '.' }
26 verbose getPublishConfig undefined
27 silly mapToRegistry name react-redux-alerts
28 silly mapToRegistry using default registry
29 silly mapToRegistry registry https://registry.npmjs.org/
30 silly mapToRegistry data Result {
30 silly mapToRegistry   raw: 'react-redux-alerts',
30 silly mapToRegistry   scope: null,
30 silly mapToRegistry   name: 'react-redux-alerts',
30 silly mapToRegistry   rawSpec: '',
30 silly mapToRegistry   spec: 'latest',
30 silly mapToRegistry   type: 'tag' }
31 silly mapToRegistry uri https://registry.npmjs.org/react-redux-alerts
32 verbose publish registryBase https://registry.npmjs.org/
33 silly publish uploading /Users/jmenestr/.npm/react-redux-alerts/1.0.0/package.tgz
34 verbose request uri https://registry.npmjs.org/react-redux-alerts
35 verbose request sending authorization for write operation
36 info attempt registry request try #1 at 10:32:28 AM
37 verbose request using bearer token for auth
38 verbose request id 528e7380e8ddbe03
39 http request PUT https://registry.npmjs.org/react-redux-alerts
40 http 403 https://registry.npmjs.org/react-redux-alerts
41 verbose headers { 'content-type': 'application/json',
41 verbose headers   'cache-control': 'max-age=300',
41 verbose headers   'content-length': '128',
41 verbose headers   'accept-ranges': 'bytes',
41 verbose headers   date: 'Mon, 13 Jun 2016 16:32:28 GMT',
41 verbose headers   via: '1.1 varnish',
41 verbose headers   connection: 'keep-alive',
41 verbose headers   'x-served-by': 'cache-sjc3120-SJC',
41 verbose headers   'x-cache': 'MISS',
41 verbose headers   'x-cache-hits': '0',
41 verbose headers   'x-timer': 'S1465835548.784751,VS0,VE138',
41 verbose headers   vary: 'Accept-Encoding' }
42 verbose request invalidating /Users/jmenestr/.npm/registry.npmjs.org/react-redux-alerts on PUT
43 error publish Failed PUT 403
44 verbose stack Error: "You cannot publish over the previously published version 1.0.0. Try bumping the version to 2.0.0" : react-redux-alerts
44 verbose stack     at makeError (/usr/local/lib/node_modules/npm/node_modules/npm-registry-client/lib/request.js:264:12)
44 verbose stack     at CachingRegistryClient.<anonymous> (/usr/local/lib/node_modules/npm/node_modules/npm-registry-client/lib/request.js:252:14)
44 verbose stack     at Request._callback (/usr/local/lib/node_modules/npm/node_modules/npm-registry-client/lib/request.js:172:14)
44 verbose stack     at Request.self.callback (/usr/local/lib/node_modules/npm/node_modules/request/request.js:200:22)
44 verbose stack     at emitTwo (events.js:106:13)
44 verbose stack     at Request.emit (events.js:191:7)
44 verbose stack     at Request.<anonymous> (/usr/local/lib/node_modules/npm/node_modules/request/request.js:1067:10)
44 verbose stack     at emitOne (events.js:101:20)
44 verbose stack     at Request.emit (events.js:188:7)
44 verbose stack     at IncomingMessage.<anonymous> (/usr/local/lib/node_modules/npm/node_modules/request/request.js:988:12)
45 verbose statusCode 403
46 verbose pkgid react-redux-alerts
47 verbose cwd /Users/jmenestr/Desktop/redux-alerts
48 error Darwin 15.5.0
49 error argv "/usr/local/bin/node" "/usr/local/bin/npm" "publish"
50 error node v6.2.1
51 error npm  v3.9.3
52 error code E403
53 error "You cannot publish over the previously published version 1.0.0. Try bumping the version to 2.0.0" : react-redux-alerts
54 error If you need help, you may report this error at:
54 error     <https://github.com/npm/npm/issues>
55 verbose exit [ 1, true ]
